<?xml version="1.0" encoding="UTF-8"?>
<testsuite xmlns:xsi="http://www.w3.org/2001/XMLSchema-instance" xsi:noNamespaceSchemaLocation="https://maven.apache.org/surefire/maven-surefire-plugin/xsd/surefire-test-report.xsd" name="nl.marlon.model.ArchiveTest" time="0.125" tests="9" errors="0" skipped="0" failures="0">
  <properties>
[...]
</properties>
  <testcase name="addInvalidMedia" classname="nl.marlon.model.ArchiveTest" time="0.006"/>
  <testcase name="addGenre" classname="nl.marlon.model.ArchiveTest" time="0"/>
  <testcase name="deleteMedia" classname="nl.marlon.model.ArchiveTest" time="0.096"/>
  <testcase name="getAllMedia" classname="nl.marlon.model.ArchiveTest" time="0.016"/>
  <testcase name="addValidMedia" classname="nl.marlon.model.ArchiveTest" time="0"/>
  <testcase name="setOwner" classname="nl.marlon.model.ArchiveTest" time="0"/>
  <testcase name="getGenreByName" classname="nl.marlon.model.ArchiveTest" time="0"/>
  <testcase name="getOwner" classname="nl.marlon.model.ArchiveTest" time="0"/>
  <testcase name="getMediaById" classname="nl.marlon.model.ArchiveTest" time="0"/>
</testsuite>